<?xml version="1.0" encoding="UTF-8"?>
<testng-results skipped="0" failed="0" ignored="0" total="1" passed="1">
  <reporter-output>
  </reporter-output>
  <suite name="Suite" duration-ms="64035" started-at="2022-06-17T12:35:10 IST" finished-at="2022-06-17T12:36:14 IST">
    <groups>
      <group name="cucumber">
        <method signature="AbstractTestNGCucumberTests.runScenario(io.cucumber.testng.PickleWrapper, io.cucumber.testng.FeatureWrapper)[pri:0, instance:StepDefinition.TestRunner@fad74ee]" name="runScenario" class="io.cucumber.testng.AbstractTestNGCucumberTests"/>
      </group> <!-- cucumber -->
    </groups>
    <test name="Test" duration-ms="64035" started-at="2022-06-17T12:35:10 IST" finished-at="2022-06-17T12:36:14 IST">
      <class name="StepDefinition.TestRunner">
        <test-method status="PASS" signature="setUpClass()[pri:0, instance:StepDefinition.TestRunner@fad74ee]" name="setUpClass" is-config="true" duration-ms="753" started-at="2022-06-17T12:35:10 IST" finished-at="2022-06-17T12:35:11 IST">
          <reporter-output>
          </reporter-output>
        </test-method> <!-- setUpClass -->
        <test-method status="PASS" signature="first()[pri:0, instance:StepDefinition.TestRunner@fad74ee]" name="first" is-config="true" duration-ms="0" started-at="2022-06-17T12:35:11 IST" finished-at="2022-06-17T12:35:11 IST">
          <reporter-output>
          </reporter-output>
        </test-method> <!-- first -->
        <test-method status="PASS" signature="runScenario(io.cucumber.testng.PickleWrapper, io.cucumber.testng.FeatureWrapper)[pri:0, instance:StepDefinition.TestRunner@fad74ee]" name="runScenario" duration-ms="61917" started-at="2022-06-17T12:35:11 IST" description="Runs Cucumber Scenarios" data-provider="scenarios" finished-at="2022-06-17T12:36:13 IST">
          <params>
            <param index="0">
              <value>
                <![CDATA["Verification of the URL"]]>
              </value>
            </param>
            <param index="1">
              <value>
                <![CDATA["feature to test opening the browser functionality"]]>
              </value>
            </param>
          </params>
          <reporter-output>
          </reporter-output>
        </test-method> <!-- runScenario -->
        <test-method status="PASS" signature="tearDownClass()[pri:0, instance:StepDefinition.TestRunner@fad74ee]" name="tearDownClass" is-config="true" duration-ms="1299" started-at="2022-06-17T12:36:13 IST" finished-at="2022-06-17T12:36:14 IST">
          <reporter-output>
          </reporter-output>
        </test-method> <!-- tearDownClass -->
        <test-method status="PASS" signature="last()[pri:0, instance:StepDefinition.TestRunner@fad74ee]" name="last" is-config="true" duration-ms="0" started-at="2022-06-17T12:36:13 IST" finished-at="2022-06-17T12:36:13 IST">
          <reporter-output>
          </reporter-output>
        </test-method> <!-- last -->
      </class> <!-- StepDefinition.TestRunner -->
    </test> <!-- Test -->
  </suite> <!-- Suite -->
</testng-results>
